Start testing: Sep 22 11:04 CST
----------------------------------------------------------
1/13 Testing: buffer_pool_manager_test
1/13 Test: buffer_pool_manager_test
Command: "/home/liu/Desktop/CMU/cmu15-445/project/build/test/buffer_pool_manager_test" "--gtest_color=yes" "--gtest_output=xml:/home/liu/Desktop/CMU/cmu15-445/project/build/test/buffer_pool_manager_test.xml"
Directory: /home/liu/Desktop/CMU/cmu15-445/project/build/test
"buffer_pool_manager_test" start time: Sep 22 11:04 CST
Output:
----------------------------------------------------------
Running main() from gmock_main.cc
[0;32m[==========] [mRunning 1 test from 1 test case.
[0;32m[----------] [mGlobal test environment set-up.
[0;32m[----------] [m1 test from BufferPoolManagerTest
[0;32m[ RUN      ] [mBufferPoolManagerTest.SampleTest
[0;32m[       OK ] [mBufferPoolManagerTest.SampleTest (1 ms)
[0;32m[----------] [m1 test from BufferPoolManagerTest (1 ms total)

[0;32m[----------] [mGlobal test environment tear-down
[0;32m[==========] [m1 test from 1 test case ran. (1 ms total)
[0;32m[  PASSED  ] [m1 test.
<end of output>
Test time =   0.01 sec
----------------------------------------------------------
Test Passed.
"buffer_pool_manager_test" end time: Sep 22 11:04 CST
"buffer_pool_manager_test" time elapsed: 00:00:00
----------------------------------------------------------

2/13 Testing: lru_replacer_test
2/13 Test: lru_replacer_test
Command: "/home/liu/Desktop/CMU/cmu15-445/project/build/test/lru_replacer_test" "--gtest_color=yes" "--gtest_output=xml:/home/liu/Desktop/CMU/cmu15-445/project/build/test/lru_replacer_test.xml"
Directory: /home/liu/Desktop/CMU/cmu15-445/project/build/test
"lru_replacer_test" start time: Sep 22 11:04 CST
Output:
----------------------------------------------------------
Running main() from gmock_main.cc
[0;32m[==========] [mRunning 2 tests from 1 test case.
[0;32m[----------] [mGlobal test environment set-up.
[0;32m[----------] [m2 tests from LRUReplacerTest
[0;32m[ RUN      ] [mLRUReplacerTest.SampleTest
[0;32m[       OK ] [mLRUReplacerTest.SampleTest (0 ms)
[0;32m[ RUN      ] [mLRUReplacerTest.BasicTest
[0;32m[       OK ] [mLRUReplacerTest.BasicTest (0 ms)
[0;32m[----------] [m2 tests from LRUReplacerTest (0 ms total)

[0;32m[----------] [mGlobal test environment tear-down
[0;32m[==========] [m2 tests from 1 test case ran. (0 ms total)
[0;32m[  PASSED  ] [m2 tests.
<end of output>
Test time =   0.01 sec
----------------------------------------------------------
Test Passed.
"lru_replacer_test" end time: Sep 22 11:04 CST
"lru_replacer_test" time elapsed: 00:00:00
----------------------------------------------------------

3/13 Testing: rwmutex_test
3/13 Test: rwmutex_test
Command: "/home/liu/Desktop/CMU/cmu15-445/project/build/test/rwmutex_test" "--gtest_color=yes" "--gtest_output=xml:/home/liu/Desktop/CMU/cmu15-445/project/build/test/rwmutex_test.xml"
Directory: /home/liu/Desktop/CMU/cmu15-445/project/build/test
"rwmutex_test" start time: Sep 22 11:04 CST
Output:
----------------------------------------------------------
Running main() from gmock_main.cc
[0;32m[==========] [mRunning 1 test from 1 test case.
[0;32m[----------] [mGlobal test environment set-up.
[0;32m[----------] [m1 test from RWMutexTest
[0;32m[ RUN      ] [mRWMutexTest.BasicTest
[0;32m[       OK ] [mRWMutexTest.BasicTest (7 ms)
[0;32m[----------] [m1 test from RWMutexTest (7 ms total)

[0;32m[----------] [mGlobal test environment tear-down
[0;32m[==========] [m1 test from 1 test case ran. (7 ms total)
[0;32m[  PASSED  ] [m1 test.
<end of output>
Test time =   0.01 sec
----------------------------------------------------------
Test Passed.
"rwmutex_test" end time: Sep 22 11:04 CST
"rwmutex_test" time elapsed: 00:00:00
----------------------------------------------------------

4/13 Testing: lock_manager_test
4/13 Test: lock_manager_test
Command: "/home/liu/Desktop/CMU/cmu15-445/project/build/test/lock_manager_test" "--gtest_color=yes" "--gtest_output=xml:/home/liu/Desktop/CMU/cmu15-445/project/build/test/lock_manager_test.xml"
Directory: /home/liu/Desktop/CMU/cmu15-445/project/build/test
"lock_manager_test" start time: Sep 22 11:04 CST
Output:
----------------------------------------------------------
Running main() from gmock_main.cc
[0;32m[==========] [mRunning 9 tests from 1 test case.
[0;32m[----------] [mGlobal test environment set-up.
[0;32m[----------] [m9 tests from LockManagerTest
[0;32m[ RUN      ] [mLockManagerTest.BasicTest
[0;32m[       OK ] [mLockManagerTest.BasicTest (1 ms)
[0;32m[ RUN      ] [mLockManagerTest.BasicShareTest
[0;32m[       OK ] [mLockManagerTest.BasicShareTest (101 ms)
[0;32m[ RUN      ] [mLockManagerTest.BasicExclusiveTest
[0;32m[       OK ] [mLockManagerTest.BasicExclusiveTest (100 ms)
[0;32m[ RUN      ] [mLockManagerTest.BasicUpdateTest
[0;32m[       OK ] [mLockManagerTest.BasicUpdateTest (101 ms)
[0;32m[ RUN      ] [mLockManagerTest.BasicTest1
[0;32m[       OK ] [mLockManagerTest.BasicTest1 (100 ms)
[0;32m[ RUN      ] [mLockManagerTest.BasicTest2
[0;32m[       OK ] [mLockManagerTest.BasicTest2 (200 ms)
[0;32m[ RUN      ] [mLockManagerTest.DeadlockTest1
[0;32m[       OK ] [mLockManagerTest.DeadlockTest1 (1 ms)
[0;32m[ RUN      ] [mLockManagerTest.DeadlockTest2
[0;32m[       OK ] [mLockManagerTest.DeadlockTest2 (0 ms)
[0;32m[ RUN      ] [mLockManagerTest.DeadlockTest3
[0;32m[       OK ] [mLockManagerTest.DeadlockTest3 (500 ms)
[0;32m[----------] [m9 tests from LockManagerTest (1104 ms total)

[0;32m[----------] [mGlobal test environment tear-down
[0;32m[==========] [m9 tests from 1 test case ran. (1105 ms total)
[0;32m[  PASSED  ] [m9 tests.
<end of output>
Test time =   1.11 sec
----------------------------------------------------------
Test Passed.
"lock_manager_test" end time: Sep 22 11:04 CST
"lock_manager_test" time elapsed: 00:00:01
----------------------------------------------------------

5/13 Testing: extendible_hash_test
5/13 Test: extendible_hash_test
Command: "/home/liu/Desktop/CMU/cmu15-445/project/build/test/extendible_hash_test" "--gtest_color=yes" "--gtest_output=xml:/home/liu/Desktop/CMU/cmu15-445/project/build/test/extendible_hash_test.xml"
Directory: /home/liu/Desktop/CMU/cmu15-445/project/build/test
"extendible_hash_test" start time: Sep 22 11:04 CST
Output:
----------------------------------------------------------
Running main() from gmock_main.cc
[0;32m[==========] [mRunning 5 tests from 1 test case.
[0;32m[----------] [mGlobal test environment set-up.
[0;32m[----------] [m5 tests from ExtendibleHashTest
[0;32m[ RUN      ] [mExtendibleHashTest.SampleTest
[0;32m[       OK ] [mExtendibleHashTest.SampleTest (0 ms)
[0;32m[ RUN      ] [mExtendibleHashTest.BasicDepthTest
[0;32m[       OK ] [mExtendibleHashTest.BasicDepthTest (0 ms)
[0;32m[ RUN      ] [mExtendibleHashTest.BasicRandomTest
seed: 1537585459
[0;32m[       OK ] [mExtendibleHashTest.BasicRandomTest (5434 ms)
[0;32m[ RUN      ] [mExtendibleHashTest.ConcurrentInsertTest
[0;32m[       OK ] [mExtendibleHashTest.ConcurrentInsertTest (27 ms)
[0;32m[ RUN      ] [mExtendibleHashTest.ConcurrentRemoveTest
[0;32m[       OK ] [mExtendibleHashTest.ConcurrentRemoveTest (41 ms)
[0;32m[----------] [m5 tests from ExtendibleHashTest (5502 ms total)

[0;32m[----------] [mGlobal test environment tear-down
[0;32m[==========] [m5 tests from 1 test case ran. (5502 ms total)
[0;32m[  PASSED  ] [m5 tests.
<end of output>
Test time =   5.72 sec
----------------------------------------------------------
Test Passed.
"extendible_hash_test" end time: Sep 22 11:04 CST
"extendible_hash_test" time elapsed: 00:00:05
----------------------------------------------------------

6/13 Testing: b_plus_tree_concurrent_test
6/13 Test: b_plus_tree_concurrent_test
Command: "/home/liu/Desktop/CMU/cmu15-445/project/build/test/b_plus_tree_concurrent_test" "--gtest_color=yes" "--gtest_output=xml:/home/liu/Desktop/CMU/cmu15-445/project/build/test/b_plus_tree_concurrent_test.xml"
Directory: /home/liu/Desktop/CMU/cmu15-445/project/build/test
"b_plus_tree_concurrent_test" start time: Sep 22 11:04 CST
Output:
----------------------------------------------------------
Running main() from gmock_main.cc
[0;32m[==========] [mRunning 6 tests from 1 test case.
[0;32m[----------] [mGlobal test environment set-up.
[0;32m[----------] [m6 tests from BPlusTreeConcurrentTest
[0;32m[ RUN      ] [mBPlusTreeConcurrentTest.InsertTest1
[0;32m[       OK ] [mBPlusTreeConcurrentTest.InsertTest1 (6 ms)
[0;32m[ RUN      ] [mBPlusTreeConcurrentTest.InsertTest2
[0;32m[       OK ] [mBPlusTreeConcurrentTest.InsertTest2 (2 ms)
[0;32m[ RUN      ] [mBPlusTreeConcurrentTest.DeleteTest1
[0;32m[       OK ] [mBPlusTreeConcurrentTest.DeleteTest1 (8 ms)
[0;32m[ RUN      ] [mBPlusTreeConcurrentTest.DeleteTest2
[0;32m[       OK ] [mBPlusTreeConcurrentTest.DeleteTest2 (4 ms)
[0;32m[ RUN      ] [mBPlusTreeConcurrentTest.MixTest
[0;32m[       OK ] [mBPlusTreeConcurrentTest.MixTest (2 ms)
[0;32m[ RUN      ] [mBPlusTreeConcurrentTest.MixTest2
[0;32m[       OK ] [mBPlusTreeConcurrentTest.MixTest2 (6 ms)
[0;32m[----------] [m6 tests from BPlusTreeConcurrentTest (28 ms total)

[0;32m[----------] [mGlobal test environment tear-down
[0;32m[==========] [m6 tests from 1 test case ran. (29 ms total)
[0;32m[  PASSED  ] [m6 tests.
<end of output>
Test time =   0.03 sec
----------------------------------------------------------
Test Passed.
"b_plus_tree_concurrent_test" end time: Sep 22 11:04 CST
"b_plus_tree_concurrent_test" time elapsed: 00:00:00
----------------------------------------------------------

7/13 Testing: b_plus_tree_print_test
7/13 Test: b_plus_tree_print_test
Command: "/home/liu/Desktop/CMU/cmu15-445/project/build/test/b_plus_tree_print_test" "--gtest_color=yes" "--gtest_output=xml:/home/liu/Desktop/CMU/cmu15-445/project/build/test/b_plus_tree_print_test.xml"
Directory: /home/liu/Desktop/CMU/cmu15-445/project/build/test
"b_plus_tree_print_test" start time: Sep 22 11:04 CST
Output:
----------------------------------------------------------
Running main() from gmock_main.cc
[0;32m[==========] [mRunning 1 test from 1 test case.
[0;32m[----------] [mGlobal test environment set-up.
[0;32m[----------] [m1 test from BptTreeTest
[0;32m[ RUN      ] [mBptTreeTest.UnitTest
Enter any of the following commands after the prompt > :
	i <k>  -- Insert <k> (int64_t) as both key and value).
	f <filename>  -- insert keys by reading file.
	d <filename>  -- delete keys by reading file.
	a <k>  -- Delete key <k> and its associated value.
	r <k1> <k2> -- Print the keys and values found in the range [<k1>, <k2>]
	v -- Toggle verbose.
	t -- Print the B+ tree.
	q -- Quit. (Or use Ctl-D.)
	? -- Print this help message.

> Enter any of the following commands after the prompt > :
	i <k>  -- Insert <k> (int64_t) as both key and value).
	f <filename>  -- insert keys by reading file.
	d <filename>  -- delete keys by reading file.
	a <k>  -- Delete key <k> and its associated value.
	r <k1> <k2> -- Print the keys and values found in the range [<k1>, <k2>]
	v -- Toggle verbose.
	t -- Print the B+ tree.
	q -- Quit. (Or use Ctl-D.)
	? -- Print this help message.

> Enter any of the following commands after the prompt > :
	i <k>  -- Insert <k> (int64_t) as both key and value).
	f <filename>  -- insert keys by reading file.
	d <filename>  -- delete keys by reading file.
	a <k>  -- Delete key <k> and its associated value.
	r <k1> <k2> -- Print the keys and values found in the range [<k1>, <k2>]
	v -- Toggle verbose.
	t -- Print the B+ tree.
	q -- Quit. (Or use Ctl-D.)
	? -- Print this help message.

> Enter any of the following commands after the prompt > :
	i <k>  -- Insert <k> (int64_t) as both key and value).
	f <filename>  -- insert keys by reading file.
	d <filename>  -- delete keys by reading file.
	a <k>  -- Delete key <k> and its associated value.
	r <k1> <k2> -- Print the keys and values found in the range [<k1>, <k2>]
	v -- Toggle verbose.
	t -- Print the B+ tree.
	q -- Quit. (Or use Ctl-D.)
	? -- Print this help message.

> Enter any of the following commands after the prompt > :
	i <k>  -- Insert <k> (int64_t) as both key and value).
	f <filename>  -- insert keys by reading file.
	d <filename>  -- delete keys by reading file.
	a <k>  -- Delete key <k> and its associated value.
	r <k1> <k2> -- Print the keys and values found in the range [<k1>, <k2>]
	v -- Toggle verbose.
	t -- Print the B+ tree.
	q -- Quit. (Or use Ctl-D.)
	? -- Print this help message.

> Enter any of the following commands after the prompt > :
	i <k>  -- Insert <k> (int64_t) as both key and value).
	f <filename>  -- insert keys by reading file.
	d <filename>  -- delete keys by reading file.
	a <k>  -- Delete key <k> and its associated value.
	r <k1> <k2> -- Print the keys and values found in the range [<k1>, <k2>]
	v -- Toggle verbose.
	t -- Print the B+ tree.
	q -- Quit. (Or use Ctl-D.)
	? -- Print this help message.

> Enter any of the following commands after the prompt > :
	i <k>  -- Insert <k> (int64_t) as both key and value).
	f <filename>  -- insert keys by reading file.
	d <filename>  -- delete keys by reading file.
	a <k>  -- Delete key <k> and its associated value.
	r <k1> <k2> -- Print the keys and values found in the range [<k1>, <k2>]
	v -- Toggle verbose.
	t -- Print the B+ tree.
	q -- Quit. (Or use Ctl-D.)
	? -- Print this help message.

> Enter any of the following commands after the prompt > :
	i <k>  -- Insert <k> (int64_t) as both key and value).
	f <filename>  -- insert keys by reading file.
	d <filename>  -- delete keys by reading file.
	a <k>  -- Delete key <k> and its associated value.
	r <k1> <k2> -- Print the keys and values found in the range [<k1>, <k2>]
	v -- Toggle verbose.
	t -- Print the B+ tree.
	q -- Quit. (Or use Ctl-D.)
	? -- Print this help message.

> Enter any of the following commands after the prompt > :
	i <k>  -- Insert <k> (int64_t) as both key and value).
	f <filename>  -- insert keys by reading file.
	d <filename>  -- delete keys by reading file.
	a <k>  -- Delete key <k> and its associated value.
	r <k1> <k2> -- Print the keys and values found in the range [<k1>, <k2>]
	v -- Toggle verbose.
	t -- Print the B+ tree.
	q -- Quit. (Or use Ctl-D.)
	? -- Print this help message.

> Enter any of the following commands after the prompt > :
	i <k>  -- Insert <k> (int64_t) as both key and value).
	f <filename>  -- insert keys by reading file.
	d <filename>  -- delete keys by reading file.
	a <k>  -- Delete key <k> and its associated value.
	r <k1> <k2> -- Print the keys and values found in the range [<k1>, <k2>]
	v -- Toggle verbose.
	t -- Print the B+ tree.
	q -- Quit. (Or use Ctl-D.)
	? -- Print this help message.

> Enter any of the following commands after the prompt > :
	i <k>  -- Insert <k> (int64_t) as both key and value).
	f <filename>  -- insert keys by reading file.
	d <filename>  -- delete keys by reading file.
	a <k>  -- Delete key <k> and its associated value.
	r <k1> <k2> -- Print the keys and values found in the range [<k1>, <k2>]
	v -- Toggle verbose.
	t -- Print the B+ tree.
	q -- Quit. (Or use Ctl-D.)
	? -- Print this help message.

[0;32m[       OK ] [mBptTreeTest.UnitTest (2 ms)
[0;32m[----------] [m1 test from BptTreeTest (2 ms total)

[0;32m[----------] [mGlobal test environment tear-down
[0;32m[==========] [m1 test from 1 test case ran. (2 ms total)
[0;32m[  PASSED  ] [m1 test.
<end of output>
Test time =   0.01 sec
----------------------------------------------------------
Test Passed.
"b_plus_tree_print_test" end time: Sep 22 11:04 CST
"b_plus_tree_print_test" time elapsed: 00:00:00
----------------------------------------------------------

8/13 Testing: b_plus_tree_test
8/13 Test: b_plus_tree_test
Command: "/home/liu/Desktop/CMU/cmu15-445/project/build/test/b_plus_tree_test" "--gtest_color=yes" "--gtest_output=xml:/home/liu/Desktop/CMU/cmu15-445/project/build/test/b_plus_tree_test.xml"
Directory: /home/liu/Desktop/CMU/cmu15-445/project/build/test
"b_plus_tree_test" start time: Sep 22 11:04 CST
Output:
----------------------------------------------------------
Running main() from gmock_main.cc
[0;32m[==========] [mRunning 11 tests from 1 test case.
[0;32m[----------] [mGlobal test environment set-up.
[0;32m[----------] [m11 tests from BPlusTreeTests
[0;32m[ RUN      ] [mBPlusTreeTests.InsertTest1
[0;32m[       OK ] [mBPlusTreeTests.InsertTest1 (2 ms)
[0;32m[ RUN      ] [mBPlusTreeTests.InsertTest2
[0;32m[       OK ] [mBPlusTreeTests.InsertTest2 (2 ms)
[0;32m[ RUN      ] [mBPlusTreeTests.InsertScale
[0;32m[       OK ] [mBPlusTreeTests.InsertScale (206 ms)
[0;32m[ RUN      ] [mBPlusTreeTests.InsertRandom
[0;32m[       OK ] [mBPlusTreeTests.InsertRandom (273 ms)
[0;32m[ RUN      ] [mBPlusTreeTests.DeleteBasic
[0;32m[       OK ] [mBPlusTreeTests.DeleteBasic (0 ms)
[0;32m[ RUN      ] [mBPlusTreeTests.DeleteScale
[0;32m[       OK ] [mBPlusTreeTests.DeleteScale (3 ms)
[0;32m[ RUN      ] [mBPlusTreeTests.DeleteRandom
[0;32m[       OK ] [mBPlusTreeTests.DeleteRandom (25 ms)
[0;32m[ RUN      ] [mBPlusTreeTests.DeleteTest1
[0;32m[       OK ] [mBPlusTreeTests.DeleteTest1 (1 ms)
[0;32m[ RUN      ] [mBPlusTreeTests.DeleteTest2
[0;32m[       OK ] [mBPlusTreeTests.DeleteTest2 (0 ms)
[0;32m[ RUN      ] [mBPlusTreeTests.ScaleTest
[0;32m[       OK ] [mBPlusTreeTests.ScaleTest (287 ms)
[0;32m[ RUN      ] [mBPlusTreeTests.RandomTest
[0;32m[       OK ] [mBPlusTreeTests.RandomTest (419 ms)
[0;32m[----------] [m11 tests from BPlusTreeTests (1218 ms total)

[0;32m[----------] [mGlobal test environment tear-down
[0;32m[==========] [m11 tests from 1 test case ran. (1218 ms total)
[0;32m[  PASSED  ] [m11 tests.
<end of output>
Test time =   1.22 sec
----------------------------------------------------------
Test Passed.
"b_plus_tree_test" end time: Sep 22 11:04 CST
"b_plus_tree_test" time elapsed: 00:00:01
----------------------------------------------------------

9/13 Testing: log_manager_test
9/13 Test: log_manager_test
Command: "/home/liu/Desktop/CMU/cmu15-445/project/build/test/log_manager_test" "--gtest_color=yes" "--gtest_output=xml:/home/liu/Desktop/CMU/cmu15-445/project/build/test/log_manager_test.xml"
Directory: /home/liu/Desktop/CMU/cmu15-445/project/build/test
"log_manager_test" start time: Sep 22 11:04 CST
Output:
----------------------------------------------------------
Running main() from gmock_main.cc
[0;32m[==========] [mRunning 2 tests from 1 test case.
[0;32m[----------] [mGlobal test environment set-up.
[0;32m[----------] [m2 tests from LogManagerTest
[0;32m[ RUN      ] [mLogManagerTest.BasicLogging
2018-09-22 11:04:26 [test/logging/log_manager_test.cpp:16:TestBody] DEBUG - Skip system recovering...
2018-09-22 11:04:26 [test/logging/log_manager_test.cpp:20:TestBody] DEBUG - System logging thread running...
2018-09-22 11:04:26 [test/logging/log_manager_test.cpp:22:TestBody] DEBUG - Create a test table
2018-09-22 11:04:26 [test/logging/log_manager_test.cpp:27:TestBody] DEBUG - Insert and delete a random tuple
2018-09-22 11:04:27 [test/logging/log_manager_test.cpp:37:TestBody] DEBUG - Commit txn
2018-09-22 11:04:27 [test/logging/log_manager_test.cpp:41:TestBody] DEBUG - Turning off flushing thread
2018-09-22 11:04:27 [test/logging/log_manager_test.cpp:47:TestBody] DEBUG - size  = 20
2018-09-22 11:04:27 [test/logging/log_manager_test.cpp:49:TestBody] DEBUG - size  = 24
2018-09-22 11:04:27 [test/logging/log_manager_test.cpp:51:TestBody] DEBUG - size  = 68
2018-09-22 11:04:27 [test/logging/log_manager_test.cpp:55:TestBody] DEBUG - Teared down the system
[0;32m[       OK ] [mLogManagerTest.BasicLogging (1011 ms)
[0;32m[ RUN      ] [mLogManagerTest.RedoTestWithOneTxn
2018-09-22 11:04:27 [test/logging/log_manager_test.cpp:65:TestBody] DEBUG - Skip system recovering...
2018-09-22 11:04:27 [test/logging/log_manager_test.cpp:69:TestBody] DEBUG - System logging thread running...
2018-09-22 11:04:27 [test/logging/log_manager_test.cpp:71:TestBody] DEBUG - Create a test table
log_manager_test: /home/liu/Desktop/CMU/cmu15-445/project/src/disk/disk_manager.cpp:111: void cmudb::DiskManager::WriteLog(char*, int): Assertion `log_data != buffer_used' failed.
<end of output>
Test time =   2.02 sec
----------------------------------------------------------
Test Failed.
"log_manager_test" end time: Sep 22 11:04 CST
"log_manager_test" time elapsed: 00:00:02
----------------------------------------------------------

10/13 Testing: header_page_test
10/13 Test: header_page_test
Command: "/home/liu/Desktop/CMU/cmu15-445/project/build/test/header_page_test" "--gtest_color=yes" "--gtest_output=xml:/home/liu/Desktop/CMU/cmu15-445/project/build/test/header_page_test.xml"
Directory: /home/liu/Desktop/CMU/cmu15-445/project/build/test
"header_page_test" start time: Sep 22 11:04 CST
Output:
----------------------------------------------------------
Running main() from gmock_main.cc
[0;32m[==========] [mRunning 1 test from 1 test case.
[0;32m[----------] [mGlobal test environment set-up.
[0;32m[----------] [m1 test from HeaderPageTest
[0;32m[ RUN      ] [mHeaderPageTest.UnitTest
[0;32m[       OK ] [mHeaderPageTest.UnitTest (1 ms)
[0;32m[----------] [m1 test from HeaderPageTest (1 ms total)

[0;32m[----------] [mGlobal test environment tear-down
[0;32m[==========] [m1 test from 1 test case ran. (1 ms total)
[0;32m[  PASSED  ] [m1 test.
<end of output>
Test time =   0.01 sec
----------------------------------------------------------
Test Passed.
"header_page_test" end time: Sep 22 11:04 CST
"header_page_test" time elapsed: 00:00:00
----------------------------------------------------------

11/13 Testing: tuple_test
11/13 Test: tuple_test
Command: "/home/liu/Desktop/CMU/cmu15-445/project/build/test/tuple_test" "--gtest_color=yes" "--gtest_output=xml:/home/liu/Desktop/CMU/cmu15-445/project/build/test/tuple_test.xml"
Directory: /home/liu/Desktop/CMU/cmu15-445/project/build/test
"tuple_test" start time: Sep 22 11:04 CST
Output:
----------------------------------------------------------
Running main() from gmock_main.cc
[0;32m[==========] [mRunning 1 test from 1 test case.
[0;32m[----------] [mGlobal test environment set-up.
[0;32m[----------] [m1 test from TupleTest
[0;32m[ RUN      ] [mTupleTest.TableHeapTest
new table page 1 created
new table page 2 created
new table page 3 created
new table page 4 created
new table page 5 created
new table page 6 created
new table page 7 created
new table page 8 created
new table page 9 created
new table page 10 created
new table page 11 created
new table page 12 created
new table page 13 created
new table page 14 created
new table page 15 created
new table page 16 created
new table page 17 created
new table page 18 created
new table page 19 created
new table page 20 created
new table page 21 created
new table page 22 created
new table page 23 created
new table page 24 created
new table page 25 created
new table page 26 created
new table page 27 created
new table page 28 created
new table page 29 created
new table page 30 created
new table page 31 created
new table page 32 created
new table page 33 created
new table page 34 created
new table page 35 created
new table page 36 created
new table page 37 created
new table page 38 created
new table page 39 created
new table page 40 created
new table page 41 created
new table page 42 created
new table page 43 created
new table page 44 created
new table page 45 created
new table page 46 created
new table page 47 created
new table page 48 created
new table page 49 created
new table page 50 created
new table page 51 created
new table page 52 created
new table page 53 created
[0;32m[       OK ] [mTupleTest.TableHeapTest (521 ms)
[0;32m[----------] [m1 test from TupleTest (521 ms total)

[0;32m[----------] [mGlobal test environment tear-down
[0;32m[==========] [m1 test from 1 test case ran. (521 ms total)
[0;32m[  PASSED  ] [m1 test.
<end of output>
Test time =   0.52 sec
----------------------------------------------------------
Test Passed.
"tuple_test" end time: Sep 22 11:04 CST
"tuple_test" time elapsed: 00:00:00
----------------------------------------------------------

12/13 Testing: type_test
12/13 Test: type_test
Command: "/home/liu/Desktop/CMU/cmu15-445/project/build/test/type_test" "--gtest_color=yes" "--gtest_output=xml:/home/liu/Desktop/CMU/cmu15-445/project/build/test/type_test.xml"
Directory: /home/liu/Desktop/CMU/cmu15-445/project/build/test
"type_test" start time: Sep 22 11:04 CST
Output:
----------------------------------------------------------
Running main() from gmock_main.cc
[0;32m[==========] [mRunning 5 tests from 1 test case.
[0;32m[----------] [mGlobal test environment set-up.
[0;32m[----------] [m5 tests from TypeTests
[0;32m[ RUN      ] [mTypeTests.InvalidTypeTest

Exception Type :: Unknown Type
Message :: Unknown type.

Exception Type :: Mismatch Type
Message :: Cannot get minimal value.

Exception Type :: Mismatch Type
Message :: Cannot get max value.
[0;32m[       OK ] [mTypeTests.InvalidTypeTest (0 ms)
[0;32m[ RUN      ] [mTypeTests.GetInstanceTest
[0;32m[       OK ] [mTypeTests.GetInstanceTest (0 ms)
[0;32m[ RUN      ] [mTypeTests.MaxValueTest
[0;32m[       OK ] [mTypeTests.MaxValueTest (0 ms)
[0;32m[ RUN      ] [mTypeTests.MinValueTest
[0;32m[       OK ] [mTypeTests.MinValueTest (0 ms)
[0;32m[ RUN      ] [mTypeTests.TemplateTest
size is 48
key info32
[0;32m[       OK ] [mTypeTests.TemplateTest (0 ms)
[0;32m[----------] [m5 tests from TypeTests (0 ms total)

[0;32m[----------] [mGlobal test environment tear-down
[0;32m[==========] [m5 tests from 1 test case ran. (1 ms total)
[0;32m[  PASSED  ] [m5 tests.
<end of output>
Test time =   0.01 sec
----------------------------------------------------------
Test Passed.
"type_test" end time: Sep 22 11:04 CST
"type_test" time elapsed: 00:00:00
----------------------------------------------------------

13/13 Testing: virtual_table_test
13/13 Test: virtual_table_test
Command: "/home/liu/Desktop/CMU/cmu15-445/project/build/test/virtual_table_test" "--gtest_color=yes" "--gtest_output=xml:/home/liu/Desktop/CMU/cmu15-445/project/build/test/virtual_table_test.xml"
Directory: /home/liu/Desktop/CMU/cmu15-445/project/build/test
"virtual_table_test" start time: Sep 22 11:04 CST
Output:
----------------------------------------------------------
Running main() from gmock_main.cc
[0;32m[==========] [mRunning 2 tests from 1 test case.
[0;32m[----------] [mGlobal test environment set-up.
[0;32m[----------] [m2 tests from VtableTest
[0;32m[ RUN      ] [mVtableTest.BasicTest
         a|         b|
         1|     hello|
[0;32m[       OK ] [mVtableTest.BasicTest (3203 ms)
[0;32m[ RUN      ] [mVtableTest.CreateTest
         a|         b|         c|         d|         e|         f|
         1|         2|         3|     hello|         2|         1|
         a|         b|         c|         d|         e|         f|
         3|         4|         5|     Nihao|         4|         1|
         a|         b|         c|         d|         e|         f|
         2|         3|         4|     world|         3|         1|
         a|         b|         c|         d|         e|         f|
         3|         4|         5|     Nihao|         4|         1|
         a|         b|         c|         d|         e|         f|
         2|         3|         4|     world|         3|         1|
[0;32m[       OK ] [mVtableTest.CreateTest (7175 ms)
[0;32m[----------] [m2 tests from VtableTest (10378 ms total)

[0;32m[----------] [mGlobal test environment tear-down
[0;32m[==========] [m2 tests from 1 test case ran. (10379 ms total)
[0;32m[  PASSED  ] [m2 tests.
<end of output>
Test time =  10.38 sec
----------------------------------------------------------
Test Passed.
"virtual_table_test" end time: Sep 22 11:04 CST
"virtual_table_test" time elapsed: 00:00:10
----------------------------------------------------------

End testing: Sep 22 11:04 CST
